<?xml version="1.0" encoding="UTF-8"?>
<!-- Generated by org.testng.reporters.JUnitReportReporter -->
<testsuite hostname="DESKTOP-LLGB7EP" failures="0" tests="1" name="expedia.Project.AppTest" time="0.017" errors="0" timestamp="2021-01-16T22:58:29 EET" skipped="0">
  <testcase classname="expedia.Project.AppTest" name="shouldAnswerWithTrue" time="0.017"/>
  <system-out/>
</testsuite> <!-- expedia.Project.AppTest -->
