<?xml version="1.0" encoding="UTF-8"?>
<!-- Generated by org.testng.reporters.JUnitReportReporter -->
<testsuite hostname="DESKTOP-LLGB7EP" failures="0" tests="1" name="testing.SearchTest" time="20.916" errors="0" timestamp="2021-01-18T00:44:44 EET" skipped="0">
  <testcase classname="testing.SearchTest" name="testSearch" time="20.916"/>
  <system-out/>
</testsuite> <!-- testing.SearchTest -->
